[2018-12-19 06:36:21] main.DEBUG: cache_invalidate:  {"method":"GET","url":"http:/","invalidateInfo":{"tags":["interception","CONFIG"],"mode":"matchingTag"}} []
[2018-12-19 06:36:28] main.DEBUG: cache_invalidate:  {"method":"GET","url":"http:/","invalidateInfo":{"tags":["interception","CONFIG"],"mode":"matchingTag"}} []
[2018-12-19 06:36:34] main.DEBUG: cache_invalidate:  {"method":"GET","url":"http:/","invalidateInfo":{"tags":["interception","CONFIG"],"mode":"matchingTag"}} []
[2018-12-19 06:39:54] main.DEBUG: cache_invalidate:  {"method":"GET","url":"http:/","invalidateInfo":{"tags":["interception","CONFIG"],"mode":"matchingTag"}} []
[2018-12-19 06:40:19] main.DEBUG: cache_invalidate:  {"method":"GET","url":"http:/","invalidateInfo":{"tags":["interception","CONFIG"],"mode":"matchingTag"}} []
[2018-12-19 06:42:26] main.DEBUG: cache_invalidate:  {"method":"GET","url":"http:/","invalidateInfo":{"tags":["interception","CONFIG"],"mode":"matchingTag"}} []
[2018-12-19 06:42:36] main.DEBUG: cache_invalidate:  {"method":"GET","url":"http:/","invalidateInfo":{"tags":["interception","CONFIG"],"mode":"matchingTag"}} []
[2018-12-19 06:44:05] main.DEBUG: cache_invalidate:  {"method":"GET","url":"http:/","invalidateInfo":{"tags":["interception","CONFIG"],"mode":"matchingTag"}} []
[2018-12-19 06:44:11] main.DEBUG: cache_invalidate:  {"method":"GET","url":"http:/","invalidateInfo":{"tags":["interception","CONFIG"],"mode":"matchingTag"}} []
[2018-12-19 06:44:43] main.DEBUG: cache_invalidate:  {"method":"GET","url":"http://local.store.jp/","invalidateInfo":{"tags":["interception","CONFIG"],"mode":"matchingTag"}} []
[2018-12-19 08:15:54] main.DEBUG: cache_invalidate:  {"method":"GET","url":"http:/","invalidateInfo":{"tags":["interception","CONFIG"],"mode":"matchingTag"}} []
[2018-12-19 08:20:13] main.DEBUG: cache_invalidate:  {"method":"GET","url":"http:/","invalidateInfo":{"tags":["interception","CONFIG"],"mode":"matchingTag"}} []
[2018-12-19 08:20:15] main.DEBUG: cache_invalidate:  {"method":"GET","url":"http://local.store.jp/","invalidateInfo":{"tags":["interception","CONFIG"],"mode":"matchingTag"}} []
[2018-12-19 08:21:16] main.DEBUG: cache_invalidate:  {"method":"GET","url":"http://local.store.jp/","invalidateInfo":{"tags":["interception","CONFIG"],"mode":"matchingTag"}} []
[2018-12-20 01:41:49] main.DEBUG: cache_invalidate:  {"method":"GET","url":"http://local.store.jp/best-seller/weaponlight.html","invalidateInfo":{"tags":["interception","CONFIG"],"mode":"matchingTag"}} []
[2018-12-20 01:58:53] main.DEBUG: cache_invalidate:  {"method":"GET","url":"http:/","invalidateInfo":{"tags":["interception","CONFIG"],"mode":"matchingTag"}} []
[2018-12-20 01:59:46] main.DEBUG: cache_invalidate:  {"method":"GET","url":"http:/","invalidateInfo":{"tags":["interception","CONFIG"],"mode":"matchingTag"}} []
[2018-12-20 02:34:48] main.DEBUG: cache_invalidate:  {"method":"GET","url":"http://local.store.jp/wishlist/","invalidateInfo":{"tags":["interception","CONFIG"],"mode":"matchingTag"}} []
[2018-12-20 02:36:52] main.DEBUG: cache_invalidate:  {"method":"GET","url":"http:/","invalidateInfo":{"tags":["interception","CONFIG"],"mode":"matchingTag"}} []
[2018-12-20 02:37:00] main.DEBUG: cache_invalidate:  {"method":"GET","url":"http:/","invalidateInfo":{"tags":["interception","CONFIG"],"mode":"matchingTag"}} []
[2018-12-20 03:02:27] main.DEBUG: cache_invalidate:  {"method":"GET","url":"http:/","invalidateInfo":{"tags":["interception","CONFIG"],"mode":"matchingTag"}} []
[2018-12-20 03:02:43] main.DEBUG: cache_invalidate:  {"method":"GET","url":"http://local.store.jp/catalog/nav/ajax","invalidateInfo":{"tags":["interception","CONFIG"],"mode":"matchingTag"}} []
[2018-12-20 03:02:43] main.DEBUG: cache_invalidate:  {"method":"GET","url":"http://local.store.jp/customer/info/ajax","invalidateInfo":{"tags":["interception","CONFIG"],"mode":"matchingTag"}} []
[2018-12-20 03:02:43] main.DEBUG: cache_invalidate:  {"method":"GET","url":"http://local.store.jp/customer/section/load/?sections=directory-data&update_section_id=false&_=1545274960192","invalidateInfo":{"tags":["interception","CONFIG"],"mode":"matchingTag"}} []
[2018-12-20 03:02:43] main.DEBUG: cache_invalidate:  {"method":"GET","url":"http://local.store.jp/customer/section/load/?sections=cart&update_section_id=false&_=1545274960194","invalidateInfo":{"tags":["interception","CONFIG"],"mode":"matchingTag"}} []
[2018-12-20 03:02:43] main.DEBUG: cache_invalidate:  {"method":"GET","url":"http://local.store.jp/banner/ajax/load/?sections=&_=1545274960193","invalidateInfo":{"tags":["interception","CONFIG"],"mode":"matchingTag"}} []
[2018-12-20 03:02:44] main.DEBUG: cache_invalidate:  {"method":"GET","url":"http://local.store.jp/customer/section/load/?sections=&update_section_id=false&_=1545274960191","invalidateInfo":{"tags":["interception","CONFIG"],"mode":"matchingTag"}} []
[2018-12-20 03:06:41] main.DEBUG: cache_invalidate:  {"method":"GET","url":"http:/","invalidateInfo":{"tags":["interception","CONFIG"],"mode":"matchingTag"}} []
[2018-12-20 03:07:03] main.DEBUG: cache_invalidate:  {"method":"GET","url":"http:/","invalidateInfo":{"tags":["interception","CONFIG"],"mode":"matchingTag"}} []
[2018-12-20 03:13:14] main.DEBUG: cache_invalidate:  {"method":"GET","url":"http:/","invalidateInfo":{"tags":["interception","CONFIG"],"mode":"matchingTag"}} []
[2018-12-20 03:13:38] main.DEBUG: cache_invalidate:  {"method":"GET","url":"http:/","invalidateInfo":{"tags":["interception","CONFIG"],"mode":"matchingTag"}} []
[2018-12-20 05:21:46] main.DEBUG: cache_invalidate:  {"method":"GET","url":"http:/","invalidateInfo":{"tags":["interception","CONFIG"],"mode":"matchingTag"}} []
[2018-12-20 05:22:02] main.DEBUG: cache_invalidate:  {"method":"GET","url":"http:/","invalidateInfo":{"tags":["interception","CONFIG"],"mode":"matchingTag"}} []
[2018-12-20 05:25:27] main.DEBUG: cache_invalidate:  {"method":"GET","url":"http://local.store.jp/olight-admin/admin/cache/index/key/910310c0779bf82fd064697531ef814000e1db9bda9939af13e6265720caa858/","invalidateInfo":{"tags":["interception","CONFIG"],"mode":"matchingTag"}} []
[2018-12-20 05:32:05] main.DEBUG: cache_invalidate:  {"method":"GET","url":"http:/","invalidateInfo":{"tags":["interception","CONFIG"],"mode":"matchingTag"}} []
[2018-12-20 05:33:17] main.DEBUG: cache_invalidate:  {"method":"GET","url":"http://local.store.jp/customer/info/ajax","invalidateInfo":{"tags":["interception","CONFIG"],"mode":"matchingTag"}} []
[2018-12-20 05:33:17] main.DEBUG: cache_invalidate:  {"method":"GET","url":"http://local.store.jp/catalog/nav/ajax","invalidateInfo":{"tags":["interception","CONFIG"],"mode":"matchingTag"}} []
[2018-12-20 05:33:17] main.DEBUG: cache_invalidate:  {"method":"GET","url":"http://local.store.jp/banner/ajax/load/?sections=&_=1545283991787","invalidateInfo":{"tags":["interception","CONFIG"],"mode":"matchingTag"}} []
[2018-12-20 05:33:18] main.DEBUG: cache_invalidate:  {"method":"GET","url":"http://local.store.jp/wishlist/index/ajax","invalidateInfo":{"tags":["interception","CONFIG"],"mode":"matchingTag"}} []
[2018-12-20 05:33:19] main.DEBUG: cache_invalidate:  {"method":"GET","url":"http://local.store.jp/flashsale.html","invalidateInfo":{"tags":["interception","CONFIG"],"mode":"matchingTag"}} []
[2018-12-20 05:33:19] main.DEBUG: cache_invalidate:  {"method":"GET","url":"http://local.store.jp/flashsale/hdc-3500mah-18650-battery.html","invalidateInfo":{"tags":["interception","CONFIG"],"mode":"matchingTag"}} []
[2018-12-20 05:42:36] main.DEBUG: cache_invalidate:  {"method":"GET","url":"http:/","invalidateInfo":{"tags":["interception","CONFIG"],"mode":"matchingTag"}} []
[2018-12-20 05:42:44] main.DEBUG: cache_invalidate:  {"method":"GET","url":"http:/","invalidateInfo":{"tags":["interception","CONFIG"],"mode":"matchingTag"}} []
[2018-12-20 05:45:49] main.DEBUG: cache_invalidate:  {"method":"GET","url":"http:/","invalidateInfo":{"tags":["interception","CONFIG"],"mode":"matchingTag"}} []
[2018-12-20 05:45:57] main.DEBUG: cache_invalidate:  {"method":"GET","url":"http:/","invalidateInfo":{"tags":["interception","CONFIG"],"mode":"matchingTag"}} []
[2018-12-20 05:54:38] main.DEBUG: cache_invalidate:  {"method":"GET","url":"http:/","invalidateInfo":{"tags":["interception","CONFIG"],"mode":"matchingTag"}} []
[2018-12-20 05:54:50] main.DEBUG: cache_invalidate:  {"method":"GET","url":"http:/","invalidateInfo":{"tags":["interception","CONFIG"],"mode":"matchingTag"}} []
[2018-12-20 05:59:41] main.DEBUG: cache_invalidate:  {"method":"GET","url":"http:/","invalidateInfo":{"tags":["interception","CONFIG"],"mode":"matchingTag"}} []
[2018-12-20 05:59:49] main.DEBUG: cache_invalidate:  {"method":"GET","url":"http:/","invalidateInfo":{"tags":["interception","CONFIG"],"mode":"matchingTag"}} []
[2018-12-20 06:03:57] main.DEBUG: cache_invalidate:  {"method":"GET","url":"http:/","invalidateInfo":{"tags":["interception","CONFIG"],"mode":"matchingTag"}} []
[2018-12-20 06:04:06] main.DEBUG: cache_invalidate:  {"method":"GET","url":"http:/","invalidateInfo":{"tags":["interception","CONFIG"],"mode":"matchingTag"}} []
[2018-12-20 06:04:08] main.DEBUG: cache_invalidate:  {"method":"GET","url":"http://local.store.jp/flashsale.html","invalidateInfo":{"tags":["interception","CONFIG"],"mode":"matchingTag"}} []
[2018-12-20 06:05:41] main.DEBUG: cache_invalidate:  {"method":"GET","url":"http:/","invalidateInfo":{"tags":["interception","CONFIG"],"mode":"matchingTag"}} []
[2018-12-20 06:05:48] main.DEBUG: cache_invalidate:  {"method":"GET","url":"http:/","invalidateInfo":{"tags":["interception","CONFIG"],"mode":"matchingTag"}} []
[2018-12-20 09:53:32] main.DEBUG: cache_invalidate:  {"method":"GET","url":"http:/","invalidateInfo":{"tags":["interception","CONFIG"],"mode":"matchingTag"}} []
[2018-12-20 09:53:38] main.DEBUG: cache_invalidate:  {"method":"GET","url":"http:/","invalidateInfo":{"tags":["interception","CONFIG"],"mode":"matchingTag"}} []
[2018-12-20 09:53:42] main.DEBUG: cache_invalidate:  {"method":"GET","url":"http:/","invalidateInfo":{"tags":["interception","CONFIG"],"mode":"matchingTag"}} []
[2018-12-20 09:55:28] main.DEBUG: cache_invalidate:  {"method":"GET","url":"http:/","invalidateInfo":{"tags":["interception","CONFIG"],"mode":"matchingTag"}} []
[2018-12-20 09:55:35] main.DEBUG: cache_invalidate:  {"method":"GET","url":"http:/","invalidateInfo":{"tags":["interception","CONFIG"],"mode":"matchingTag"}} []
[2018-12-20 09:57:04] main.DEBUG: cache_invalidate:  {"method":"GET","url":"http:/","invalidateInfo":{"tags":["interception","CONFIG"],"mode":"matchingTag"}} []
[2018-12-20 09:57:09] main.DEBUG: cache_invalidate:  {"method":"GET","url":"http:/","invalidateInfo":{"tags":["interception","CONFIG"],"mode":"matchingTag"}} []
[2018-12-20 09:57:43] main.DEBUG: cache_invalidate:  {"method":"GET","url":"http://local.store.jp/","invalidateInfo":{"tags":["interception","CONFIG"],"mode":"matchingTag"}} []
